2016/11/21 12:41:16 / Wrong mySql Credentials or mySql Database down / SQLSTATE[HY000] [2002] No such file or directory/2002 / /var/www/Exercises/TheSuXXStore/src/Factories/PDOFactory.php / 56
2016/11/21 12:41:33 / Wrong mySql Credentials or mySql Database down / SQLSTATE[HY000] [2002] No such file or directory/2002 / /var/www/Exercises/TheSuXXStore/src/Factories/PDOFactory.php / 56
2016/11/21 12:41:48 / Wrong mySql Credentials or mySql Database down / SQLSTATE[HY000] [2002] No such file or directory/2002 / /var/www/Exercises/TheSuXXStore/src/Factories/PDOFactory.php / 56
2016/11/21 13:12:55 / Wrong mySql Credentials or mySql Database down / SQLSTATE[HY000] [1045] Access denied for user 'anyUser'@'localhost' (using password: YES)/1045 / /var/www/Exercises/TheSuXXStore/src/Factories/PDOFactory.php / 56
2016/11/22 08:34:41 / Wrong mySql Credentials or mySql Database down / SQLSTATE[HY000] [1045] Access denied for user 'anyUser'@'localhost' (using password: YES)/1045 / /var/www/Exercises/TheSuXXStore/src/Factories/PDOFactory.php / 61
2016/11/22 08:36:43 / Wrong mySql Credentials or mySql Database down / SQLSTATE[HY000] [1045] Access denied for user 'anyUser'@'localhost' (using password: YES)/1045 / /var/www/Exercises/TheSuXXStore/src/Factories/PDOFactory.php / 61
2016/11/22 08:42:25 / Wrong mySql Credentials or mySql Database down / SQLSTATE[HY000] [1045] Access denied for user 'anyUser'@'localhost' (using password: YES)/1045 / /var/www/Exercises/TheSuXXStore/src/Factories/PDOFactory.php / 61
2016/11/22 08:43:51 / Wrong mySql Credentials or mySql Database down / SQLSTATE[HY000] [1045] Access denied for user 'anyUser'@'localhost' (using password: YES)/1045 / /var/www/Exercises/TheSuXXStore/src/Factories/PDOFactory.php / 61
2016/11/22 08:48:11 / Wrong mySql Credentials or mySql Database down / SQLSTATE[HY000] [1045] Access denied for user 'anyUser'@'localhost' (using password: YES)/1045 / /var/www/Exercises/TheSuXXStore/src/Factories/PDOFactory.php / 61
2016/11/23 10:50:15 / Wrong mySql Credentials or mySql Database down / SQLSTATE[HY000] [1045] Access denied for user 'anyUser'@'localhost' (using password: YES)/1045 / /var/www/Exercises/TheSuXXStore/src/Factories/PDOFactory.php / 61
2016/11/23 10:50:29 / Wrong mySql Credentials or mySql Database down / SQLSTATE[HY000] [1045] Access denied for user 'anyUser'@'localhost' (using password: YES)/1045 / /var/www/Exercises/TheSuXXStore/src/Factories/PDOFactory.php / 61
2016/11/23 10:54:03 / Wrong mySql Credentials or mySql Database down / SQLSTATE[HY000] [1045] Access denied for user 'anyUser'@'localhost' (using password: YES)/1045 / /var/www/Exercises/TheSuXXStore/src/Factories/PDOFactory.php / 61
2016/11/23 10:54:52 / Wrong mySql Credentials or mySql Database down / SQLSTATE[HY000] [1045] Access denied for user 'anyUser'@'localhost' (using password: YES)/1045 / /var/www/Exercises/TheSuXXStore/src/Factories/PDOFactory.php / 61
2016/11/23 10:55:03 / Wrong mySql Credentials or mySql Database down / SQLSTATE[HY000] [1045] Access denied for user 'anyUser'@'localhost' (using password: YES)/1045 / /var/www/Exercises/TheSuXXStore/src/Factories/PDOFactory.php / 61
2016/11/23 10:55:42 / Wrong mySql Credentials or mySql Database down / SQLSTATE[HY000] [1045] Access denied for user 'anyUser'@'localhost' (using password: YES)/1045 / /var/www/Exercises/TheSuXXStore/src/Factories/PDOFactory.php / 61
2016/11/23 11:15:02 / Wrong mySql Credentials or mySql Database down / SQLSTATE[HY000] [1045] Access denied for user 'anyUser'@'localhost' (using password: YES)/1045 / /var/www/Exercises/TheSuXXStore/src/Factories/PDOFactory.php / 61
2016/11/23 11:19:34 / Wrong mySql Credentials or mySql Database down / SQLSTATE[HY000] [1045] Access denied for user 'anyUser'@'localhost' (using password: YES)/1045 / /var/www/Exercises/TheSuXXStore/src/Factories/PDOFactory.php / 61
2016/11/23 11:24:16 / Wrong mySql Credentials or mySql Database down / SQLSTATE[HY000] [1045] Access denied for user 'anyUser'@'localhost' (using password: YES)/1045 / /var/www/Exercises/TheSuXXStore/src/Factories/PDOFactory.php / 61
2016/11/23 11:39:47 / Wrong mySql Credentials or mySql Database down / SQLSTATE[HY000] [1045] Access denied for user 'anyUser'@'localhost' (using password: YES)/1045 / /var/www/Exercises/TheSuXXStore/src/Factories/PDOFactory.php / 61
2016/11/23 12:29:28 / Wrong mySql Credentials or mySql Database down / SQLSTATE[HY000] [1045] Access denied for user 'anyUser'@'localhost' (using password: YES)/1045 / /var/www/Exercises/TheSuXXStore/src/Factories/PDOFactory.php / 61
2016/11/23 12:30:58 / Wrong mySql Credentials or mySql Database down / SQLSTATE[HY000] [1045] Access denied for user 'anyUser'@'localhost' (using password: YES)/1045 / /var/www/Exercises/TheSuXXStore/src/Factories/PDOFactory.php / 61
2016/11/23 12:34:01 / Wrong mySql Credentials or mySql Database down / SQLSTATE[HY000] [1045] Access denied for user 'anyUser'@'localhost' (using password: YES)/1045 / /var/www/Exercises/TheSuXXStore/src/Factories/PDOFactory.php / 61
2016/11/23 12:37:36 / Wrong mySql Credentials or mySql Database down / SQLSTATE[HY000] [1045] Access denied for user 'anyUser'@'localhost' (using password: YES)/1045 / /var/www/Exercises/TheSuXXStore/src/Factories/PDOFactory.php / 61
2016/11/23 12:44:42 / Wrong mySql Credentials or mySql Database down / SQLSTATE[HY000] [1045] Access denied for user 'anyUser'@'localhost' (using password: YES)/1045 / /var/www/Exercises/TheSuXXStore/src/Factories/PDOFactory.php / 61
2016/11/23 12:46:10 / Wrong mySql Credentials or mySql Database down / SQLSTATE[HY000] [1045] Access denied for user 'anyUser'@'localhost' (using password: YES)/1045 / /var/www/Exercises/TheSuXXStore/src/Factories/PDOFactory.php / 61
2016/11/23 12:48:00 / Wrong mySql Credentials or mySql Database down / SQLSTATE[HY000] [1045] Access denied for user 'anyUser'@'localhost' (using password: YES)/1045 / /var/www/Exercises/TheSuXXStore/src/Factories/PDOFactory.php / 61
2016/11/23 12:49:01 / Wrong mySql Credentials or mySql Database down / SQLSTATE[HY000] [1045] Access denied for user 'anyUser'@'localhost' (using password: YES)/1045 / /var/www/Exercises/TheSuXXStore/src/Factories/PDOFactory.php / 61
2016/11/23 12:59:21 / Wrong mySql Credentials or mySql Database down / SQLSTATE[HY000] [1045] Access denied for user 'anyUser'@'localhost' (using password: YES)/1045 / /var/www/Exercises/TheSuXXStore/src/Factories/PDOFactory.php / 61
2016/11/23 13:04:19 / Wrong mySql Credentials or mySql Database down / SQLSTATE[HY000] [1045] Access denied for user 'anyUser'@'localhost' (using password: YES)/1045 / /var/www/Exercises/TheSuXXStore/src/Factories/PDOFactory.php / 61
2016/11/23 13:07:06 / Wrong mySql Credentials or mySql Database down / SQLSTATE[HY000] [1045] Access denied for user 'anyUser'@'localhost' (using password: YES)/1045 / /var/www/Exercises/TheSuXXStore/src/Factories/PDOFactory.php / 61
2016/11/23 13:08:03 / Wrong mySql Credentials or mySql Database down / SQLSTATE[HY000] [1045] Access denied for user 'anyUser'@'localhost' (using password: YES)/1045 / /var/www/Exercises/TheSuXXStore/src/Factories/PDOFactory.php / 61
2016/11/23 13:09:58 / Wrong mySql Credentials or mySql Database down / SQLSTATE[HY000] [1045] Access denied for user 'anyUser'@'localhost' (using password: YES)/1045 / /var/www/Exercises/TheSuXXStore/src/Factories/PDOFactory.php / 61
2016/11/23 13:10:25 / Wrong mySql Credentials or mySql Database down / SQLSTATE[HY000] [1045] Access denied for user 'anyUser'@'localhost' (using password: YES)/1045 / /var/www/Exercises/TheSuXXStore/src/Factories/PDOFactory.php / 61
2016/11/23 13:12:06 / Wrong mySql Credentials or mySql Database down / SQLSTATE[HY000] [1045] Access denied for user 'anyUser'@'localhost' (using password: YES)/1045 / /var/www/Exercises/TheSuXXStore/src/Factories/PDOFactory.php / 61
2016/11/23 13:15:01 / Wrong mySql Credentials or mySql Database down / SQLSTATE[HY000] [1045] Access denied for user 'anyUser'@'localhost' (using password: YES)/1045 / /var/www/Exercises/TheSuXXStore/src/Factories/PDOFactory.php / 61
2016/11/23 13:16:07 / Wrong mySql Credentials or mySql Database down / SQLSTATE[HY000] [1045] Access denied for user 'anyUser'@'localhost' (using password: YES)/1045 / /var/www/Exercises/TheSuXXStore/src/Factories/PDOFactory.php / 61
2016/11/23 13:16:56 / Wrong mySql Credentials or mySql Database down / SQLSTATE[HY000] [1045] Access denied for user 'anyUser'@'localhost' (using password: YES)/1045 / /var/www/Exercises/TheSuXXStore/src/Factories/PDOFactory.php / 61
2016/11/23 13:18:13 / Wrong mySql Credentials or mySql Database down / SQLSTATE[HY000] [1045] Access denied for user 'anyUser'@'localhost' (using password: YES)/1045 / /var/www/Exercises/TheSuXXStore/src/Factories/PDOFactory.php / 61
2016/11/23 13:24:20 / Wrong mySql Credentials or mySql Database down / SQLSTATE[HY000] [1045] Access denied for user 'anyUser'@'localhost' (using password: YES)/1045 / /var/www/Exercises/TheSuXXStore/src/Factories/PDOFactory.php / 61
2016/11/23 13:27:54 / Wrong mySql Credentials or mySql Database down / SQLSTATE[HY000] [1045] Access denied for user 'anyUser'@'localhost' (using password: YES)/1045 / /var/www/Exercises/TheSuXXStore/src/Factories/PDOFactory.php / 61
2016/11/23 13:28:19 / Wrong mySql Credentials or mySql Database down / SQLSTATE[HY000] [1045] Access denied for user 'anyUser'@'localhost' (using password: YES)/1045 / /var/www/Exercises/TheSuXXStore/src/Factories/PDOFactory.php / 61
2016/11/23 13:29:55 / Wrong mySql Credentials or mySql Database down / SQLSTATE[HY000] [1045] Access denied for user 'anyUser'@'localhost' (using password: YES)/1045 / /var/www/Exercises/TheSuXXStore/src/Factories/PDOFactory.php / 61
2016/11/23 13:30:52 / Wrong mySql Credentials or mySql Database down / SQLSTATE[HY000] [1045] Access denied for user 'anyUser'@'localhost' (using password: YES)/1045 / /var/www/Exercises/TheSuXXStore/src/Factories/PDOFactory.php / 61
2016/11/23 13:33:53 / Wrong mySql Credentials or mySql Database down / SQLSTATE[HY000] [1045] Access denied for user 'anyUser'@'localhost' (using password: YES)/1045 / /var/www/Exercises/TheSuXXStore/src/Factories/PDOFactory.php / 61
2016/11/23 13:34:21 / Wrong mySql Credentials or mySql Database down / SQLSTATE[HY000] [1045] Access denied for user 'anyUser'@'localhost' (using password: YES)/1045 / /var/www/Exercises/TheSuXXStore/src/Factories/PDOFactory.php / 61
2016/11/23 13:38:30 / Wrong mySql Credentials or mySql Database down / SQLSTATE[HY000] [1045] Access denied for user 'anyUser'@'localhost' (using password: YES)/1045 / /var/www/Exercises/TheSuXXStore/src/Factories/PDOFactory.php / 61
2016/11/23 13:39:37 / Wrong mySql Credentials or mySql Database down / SQLSTATE[HY000] [1045] Access denied for user 'anyUser'@'localhost' (using password: YES)/1045 / /var/www/Exercises/TheSuXXStore/src/Factories/PDOFactory.php / 61
2016/11/23 13:40:41 / Wrong mySql Credentials or mySql Database down / SQLSTATE[HY000] [1045] Access denied for user 'anyUser'@'localhost' (using password: YES)/1045 / /var/www/Exercises/TheSuXXStore/src/Factories/PDOFactory.php / 61
2016/11/23 13:44:25 / Wrong mySql Credentials or mySql Database down / SQLSTATE[HY000] [1045] Access denied for user 'anyUser'@'localhost' (using password: YES)/1045 / /var/www/Exercises/TheSuXXStore/src/Factories/PDOFactory.php / 61
2016/11/23 13:46:41 / Wrong mySql Credentials or mySql Database down / SQLSTATE[HY000] [1045] Access denied for user 'anyUser'@'localhost' (using password: YES)/1045 / /var/www/Exercises/TheSuXXStore/src/Factories/PDOFactory.php / 61
2016/11/23 13:57:53 / Wrong mySql Credentials or mySql Database down / SQLSTATE[HY000] [1045] Access denied for user 'anyUser'@'localhost' (using password: YES)/1045 / /var/www/Exercises/TheSuXXStore/src/Factories/PDOFactory.php / 61
2016/11/23 13:58:35 / Wrong mySql Credentials or mySql Database down / SQLSTATE[HY000] [1045] Access denied for user 'anyUser'@'localhost' (using password: YES)/1045 / /var/www/Exercises/TheSuXXStore/src/Factories/PDOFactory.php / 61
2016/11/23 15:01:15 / Wrong mySql Credentials or mySql Database down / SQLSTATE[HY000] [1045] Access denied for user 'anyUser'@'localhost' (using password: YES)/1045 / /var/www/Exercises/TheSuXXStore/src/Factories/PDOFactory.php / 61
2016/11/23 15:07:25 / Wrong mySql Credentials or mySql Database down / SQLSTATE[HY000] [1045] Access denied for user 'anyUser'@'localhost' (using password: YES)/1045 / /var/www/Exercises/TheSuXXStore/src/Factories/PDOFactory.php / 61
2016/11/23 15:08:52 / Wrong mySql Credentials or mySql Database down / SQLSTATE[HY000] [1045] Access denied for user 'anyUser'@'localhost' (using password: YES)/1045 / /var/www/Exercises/TheSuXXStore/src/Factories/PDOFactory.php / 61
2016/11/23 15:12:28 / Wrong mySql Credentials or mySql Database down / SQLSTATE[HY000] [1045] Access denied for user 'anyUser'@'localhost' (using password: YES)/1045 / /var/www/Exercises/TheSuXXStore/src/Factories/PDOFactory.php / 61
2016/11/23 15:24:04 / Wrong mySql Credentials or mySql Database down / SQLSTATE[HY000] [1045] Access denied for user 'anyUser'@'localhost' (using password: YES)/1045 / /var/www/Exercises/TheSuXXStore/src/Factories/PDOFactory.php / 61
2016/11/23 15:26:23 / Wrong mySql Credentials or mySql Database down / SQLSTATE[HY000] [1045] Access denied for user 'anyUser'@'localhost' (using password: YES)/1045 / /var/www/Exercises/TheSuXXStore/src/Factories/PDOFactory.php / 61
2016/11/23 15:28:34 / Wrong mySql Credentials or mySql Database down / SQLSTATE[HY000] [1045] Access denied for user 'anyUser'@'localhost' (using password: YES)/1045 / /var/www/Exercises/TheSuXXStore/src/Factories/PDOFactory.php / 61
2016/11/23 15:29:51 / Wrong mySql Credentials or mySql Database down / SQLSTATE[HY000] [1045] Access denied for user 'anyUser'@'localhost' (using password: YES)/1045 / /var/www/Exercises/TheSuXXStore/src/Factories/PDOFactory.php / 61
2016/11/23 15:32:22 / Wrong mySql Credentials or mySql Database down / SQLSTATE[HY000] [1045] Access denied for user 'anyUser'@'localhost' (using password: YES)/1045 / /var/www/Exercises/TheSuXXStore/src/Factories/PDOFactory.php / 61
2016/11/23 15:33:13 / Wrong mySql Credentials or mySql Database down / SQLSTATE[HY000] [1045] Access denied for user 'anyUser'@'localhost' (using password: YES)/1045 / /var/www/Exercises/TheSuXXStore/src/Factories/PDOFactory.php / 61
2016/11/23 15:33:39 / Wrong mySql Credentials or mySql Database down / SQLSTATE[HY000] [1045] Access denied for user 'anyUser'@'localhost' (using password: YES)/1045 / /var/www/Exercises/TheSuXXStore/src/Factories/PDOFactory.php / 61
2016/11/23 15:35:20 / Wrong mySql Credentials or mySql Database down / SQLSTATE[HY000] [1045] Access denied for user 'anyUser'@'localhost' (using password: YES)/1045 / /var/www/Exercises/TheSuXXStore/src/Factories/PDOFactory.php / 61
2016/11/23 15:36:40 / Wrong mySql Credentials or mySql Database down / SQLSTATE[HY000] [1045] Access denied for user 'anyUser'@'localhost' (using password: YES)/1045 / /var/www/Exercises/TheSuXXStore/src/Factories/PDOFactory.php / 61
2016/11/23 15:39:05 / Wrong mySql Credentials or mySql Database down / SQLSTATE[HY000] [1045] Access denied for user 'anyUser'@'localhost' (using password: YES)/1045 / /var/www/Exercises/TheSuXXStore/src/Factories/PDOFactory.php / 61
2016/11/23 15:40:44 / Wrong mySql Credentials or mySql Database down / SQLSTATE[HY000] [1045] Access denied for user 'anyUser'@'localhost' (using password: YES)/1045 / /var/www/Exercises/TheSuXXStore/src/Factories/PDOFactory.php / 61
2016/11/23 15:41:27 / Wrong mySql Credentials or mySql Database down / SQLSTATE[HY000] [1045] Access denied for user 'anyUser'@'localhost' (using password: YES)/1045 / /var/www/Exercises/TheSuXXStore/src/Factories/PDOFactory.php / 61
2016/11/23 15:52:01 / Wrong mySql Credentials or mySql Database down / SQLSTATE[HY000] [1045] Access denied for user 'anyUser'@'localhost' (using password: YES)/1045 / /var/www/Exercises/TheSuXXStore/src/Factories/PDOFactory.php / 61
2016/11/23 15:52:20 / Wrong mySql Credentials or mySql Database down / SQLSTATE[HY000] [1045] Access denied for user 'anyUser'@'localhost' (using password: YES)/1045 / /var/www/Exercises/TheSuXXStore/src/Factories/PDOFactory.php / 61
2016/11/23 15:55:05 / Wrong mySql Credentials or mySql Database down / SQLSTATE[HY000] [1045] Access denied for user 'anyUser'@'localhost' (using password: YES)/1045 / /var/www/Exercises/TheSuXXStore/src/Factories/PDOFactory.php / 61
2016/11/23 15:55:57 / Wrong mySql Credentials or mySql Database down / SQLSTATE[HY000] [1045] Access denied for user 'anyUser'@'localhost' (using password: YES)/1045 / /var/www/Exercises/TheSuXXStore/src/Factories/PDOFactory.php / 61
2016/11/23 15:56:24 / Wrong mySql Credentials or mySql Database down / SQLSTATE[HY000] [1045] Access denied for user 'anyUser'@'localhost' (using password: YES)/1045 / /var/www/Exercises/TheSuXXStore/src/Factories/PDOFactory.php / 61
2016/11/23 15:58:32 / Wrong mySql Credentials or mySql Database down / SQLSTATE[HY000] [1045] Access denied for user 'anyUser'@'localhost' (using password: YES)/1045 / /var/www/Exercises/TheSuXXStore/src/Factories/PDOFactory.php / 61
2016/11/23 16:00:16 / Wrong mySql Credentials or mySql Database down / SQLSTATE[HY000] [1045] Access denied for user 'anyUser'@'localhost' (using password: YES)/1045 / /var/www/Exercises/TheSuXXStore/src/Factories/PDOFactory.php / 61
2016/11/23 16:02:21 / Wrong mySql Credentials or mySql Database down / SQLSTATE[HY000] [1045] Access denied for user 'anyUser'@'localhost' (using password: YES)/1045 / /var/www/Exercises/TheSuXXStore/src/Factories/PDOFactory.php / 61
2016/11/23 16:05:41 / Wrong mySql Credentials or mySql Database down / SQLSTATE[HY000] [1045] Access denied for user 'anyUser'@'localhost' (using password: YES)/1045 / /var/www/Exercises/TheSuXXStore/src/Factories/PDOFactory.php / 61
2016/11/23 16:06:23 / Wrong mySql Credentials or mySql Database down / SQLSTATE[HY000] [1045] Access denied for user 'anyUser'@'localhost' (using password: YES)/1045 / /var/www/Exercises/TheSuXXStore/src/Factories/PDOFactory.php / 61
2016/11/23 16:06:59 / Wrong mySql Credentials or mySql Database down / SQLSTATE[HY000] [1045] Access denied for user 'anyUser'@'localhost' (using password: YES)/1045 / /var/www/Exercises/TheSuXXStore/src/Factories/PDOFactory.php / 61
2016/11/23 16:07:20 / Wrong mySql Credentials or mySql Database down / SQLSTATE[HY000] [1045] Access denied for user 'anyUser'@'localhost' (using password: YES)/1045 / /var/www/Exercises/TheSuXXStore/src/Factories/PDOFactory.php / 61
2016/11/24 08:28:13 / Wrong mySql Credentials or mySql Database down / SQLSTATE[HY000] [1045] Access denied for user 'anyUser'@'localhost' (using password: YES)/1045 / /var/www/Exercises/TheSuXXStore/src/Factories/PDOFactory.php / 61
2016/11/24 08:29:13 / Wrong mySql Credentials or mySql Database down / SQLSTATE[HY000] [1045] Access denied for user 'anyUser'@'localhost' (using password: YES)/1045 / /var/www/Exercises/TheSuXXStore/src/Factories/PDOFactory.php / 61
2016/11/24 08:30:11 / Wrong mySql Credentials or mySql Database down / SQLSTATE[HY000] [1045] Access denied for user 'anyUser'@'localhost' (using password: YES)/1045 / /var/www/Exercises/TheSuXXStore/src/Factories/PDOFactory.php / 61
2016/11/24 08:34:25 / Wrong mySql Credentials or mySql Database down / SQLSTATE[HY000] [1045] Access denied for user 'anyUser'@'localhost' (using password: YES)/1045 / /var/www/Exercises/TheSuXXStore/src/Factories/PDOFactory.php / 61
2016/11/24 08:40:36 / Wrong mySql Credentials or mySql Database down / SQLSTATE[HY000] [1045] Access denied for user 'anyUser'@'localhost' (using password: YES)/1045 / /var/www/Exercises/TheSuXXStore/src/Factories/PDOFactory.php / 61
2016/11/24 08:40:58 / Wrong mySql Credentials or mySql Database down / SQLSTATE[HY000] [1045] Access denied for user 'anyUser'@'localhost' (using password: YES)/1045 / /var/www/Exercises/TheSuXXStore/src/Factories/PDOFactory.php / 61
2016/11/24 08:48:56 / Wrong mySql Credentials or mySql Database down / SQLSTATE[HY000] [1045] Access denied for user 'anyUser'@'localhost' (using password: YES)/1045 / /var/www/Exercises/TheSuXXStore/src/Factories/PDOFactory.php / 61
2016/11/24 08:52:58 / Wrong mySql Credentials or mySql Database down / SQLSTATE[HY000] [1045] Access denied for user 'anyUser'@'localhost' (using password: YES)/1045 / /var/www/Exercises/TheSuXXStore/src/Factories/PDOFactory.php / 61
2016/11/24 08:58:59 / Wrong mySql Credentials or mySql Database down / SQLSTATE[HY000] [1045] Access denied for user 'anyUser'@'localhost' (using password: YES)/1045 / /var/www/Exercises/TheSuXXStore/src/Factories/PDOFactory.php / 61
2016/11/24 09:02:06 / Wrong mySql Credentials or mySql Database down / SQLSTATE[HY000] [1045] Access denied for user 'anyUser'@'localhost' (using password: YES)/1045 / /var/www/Exercises/TheSuXXStore/src/Factories/PDOFactory.php / 61
2016/11/24 09:02:38 / Wrong mySql Credentials or mySql Database down / SQLSTATE[HY000] [1045] Access denied for user 'anyUser'@'localhost' (using password: YES)/1045 / /var/www/Exercises/TheSuXXStore/src/Factories/PDOFactory.php / 61
2016/11/24 09:04:23 / Wrong mySql Credentials or mySql Database down / SQLSTATE[HY000] [1045] Access denied for user 'anyUser'@'localhost' (using password: YES)/1045 / /var/www/Exercises/TheSuXXStore/src/Factories/PDOFactory.php / 61
2016/11/24 09:09:39 / Wrong mySql Credentials or mySql Database down / SQLSTATE[HY000] [1045] Access denied for user 'anyUser'@'localhost' (using password: YES)/1045 / /var/www/Exercises/TheSuXXStore/src/Factories/PDOFactory.php / 61
2016/11/24 10:35:12 / Wrong mySql Credentials or mySql Database down / SQLSTATE[HY000] [1045] Access denied for user 'anyUser'@'localhost' (using password: YES)/1045 / /var/www/Exercises/TheSuXXStore/src/Factories/PDOFactory.php / 61
2016/11/24 10:40:21 / Wrong mySql Credentials or mySql Database down / SQLSTATE[HY000] [1045] Access denied for user 'anyUser'@'localhost' (using password: YES)/1045 / /var/www/Exercises/TheSuXXStore/src/Factories/PDOFactory.php / 61
2016/11/24 11:00:57 / Wrong mySql Credentials or mySql Database down / SQLSTATE[HY000] [1045] Access denied for user 'anyUser'@'localhost' (using password: YES)/1045 / /var/www/Exercises/TheSuXXStore/src/Factories/PDOFactory.php / 61
2016/11/24 11:03:35 / Wrong mySql Credentials or mySql Database down / SQLSTATE[HY000] [1045] Access denied for user 'anyUser'@'localhost' (using password: YES)/1045 / /var/www/Exercises/TheSuXXStore/src/Factories/PDOFactory.php / 61
2016/11/24 11:07:02 / Wrong mySql Credentials or mySql Database down / SQLSTATE[HY000] [1045] Access denied for user 'anyUser'@'localhost' (using password: YES)/1045 / /var/www/Exercises/TheSuXXStore/src/Factories/PDOFactory.php / 61
2016/11/24 11:07:47 / Wrong mySql Credentials or mySql Database down / SQLSTATE[HY000] [1045] Access denied for user 'anyUser'@'localhost' (using password: YES)/1045 / /var/www/Exercises/TheSuXXStore/src/Factories/PDOFactory.php / 61
2016/11/24 11:12:54 / Wrong mySql Credentials or mySql Database down / SQLSTATE[HY000] [1045] Access denied for user 'anyUser'@'localhost' (using password: YES)/1045 / /var/www/Exercises/TheSuXXStore/src/Factories/PDOFactory.php / 61
2016/11/24 11:13:32 / Wrong mySql Credentials or mySql Database down / SQLSTATE[HY000] [1045] Access denied for user 'anyUser'@'localhost' (using password: YES)/1045 / /var/www/Exercises/TheSuXXStore/src/Factories/PDOFactory.php / 61
2016/11/24 11:15:33 / Wrong mySql Credentials or mySql Database down / SQLSTATE[HY000] [1045] Access denied for user 'anyUser'@'localhost' (using password: YES)/1045 / /var/www/Exercises/TheSuXXStore/src/Factories/PDOFactory.php / 61
2016/11/24 12:32:26 / Das übergebene Formular hat kein gültiges CSRF-Token!
2016/11/24 12:32:43 / Das übergebene Formular hat kein gültiges CSRF-Token!
2016/11/24 13:20:06 / Das übergebene Formular hat kein gültiges CSRF-Token! / /var/www/Exercises/TheSuXXStore/src/Routers/PostRequestRouter.php/43
2016/11/24 13:21:52 / Das übergebene Formular hat kein gültiges CSRF-Token! / /var/www/Exercises/TheSuXXStore/src/Routers/PostRequestRouter.php/43
2016/11/24 13:21:55 / Das übergebene Formular hat kein gültiges CSRF-Token! / /var/www/Exercises/TheSuXXStore/src/Routers/PostRequestRouter.php/43
2016/11/24 13:53:56 / Das übergebene Formular hat kein gültiges CSRF-Token! / /var/www/Exercises/TheSuXXStore/src/Routers/PostRequestRouter.php/43
2016/11/24 13:56:47 / Das übergebene Formular hat kein gültiges CSRF-Token! / /var/www/Exercises/TheSuXXStore/src/Routers/PostRequestRouter.php/43
2016/11/24 14:21:32 / Das übergebene Formular hat kein gültiges CSRF-Token! / /var/www/Exercises/TheSuXXStore/src/Routers/PostRequestRouter.php / 43
2016/11/24 14:21:59 / Das übergebene Formular hat kein gültiges CSRF-Token! / /var/www/Exercises/TheSuXXStore/src/Routers/PostRequestRouter.php / 43
2016/11/24 14:24:57 / Das übergebene Formular hat kein gültiges CSRF-Token! / /var/www/Exercises/TheSuXXStore/src/Routers/PostRequestRouter.php / 43
2016/11/24 14:25:04 / Das übergebene Formular hat kein gültiges CSRF-Token! / /var/www/Exercises/TheSuXXStore/src/Routers/PostRequestRouter.php / 43
2016/11/24 14:25:13 / Das übergebene Formular hat kein gültiges CSRF-Token! / /var/www/Exercises/TheSuXXStore/src/Routers/PostRequestRouter.php / 43
2016/11/24 14:25:16 / Das übergebene Formular hat kein gültiges CSRF-Token! / /var/www/Exercises/TheSuXXStore/src/Routers/PostRequestRouter.php / 43
2016/11/24 14:31:58 / Das übergebene Formular hat kein gültiges CSRF-Token! / /var/www/Exercises/TheSuXXStore/src/Routers/PostRequestRouter.php / 43
2016/11/25 07:55:59 / Test Message Logging / /testFile / 99
2016/11/25 08:53:10 / Das übergebene Formular hat kein gültiges CSRF-Token! / /var/www/Exercises/TheSuXXStore/src/Routers/PostRequestRouter.php / 43
